<?xml version="1.0" encoding="UTF-8"?>
<!-- Generated by org.testng.reporters.JUnitReportReporter -->
<testsuite hostname="blocksone-VivoBook-ASUSLaptop-X415EA-X415EA" failures="0" tests="1" name="tests_AssignmentTask_BlocksOne.TrialAndError" time="26.731" errors="0" timestamp="2024-08-14T18:25:02 IST" skipped="0">
  <testcase classname="tests_AssignmentTask_BlocksOne.TrialAndError" name="verify_window" time="26.731"/>
  <system-out/>
</testsuite> <!-- tests_AssignmentTask_BlocksOne.TrialAndError -->
