<?xml version="1.0" encoding="UTF-8"?>
<!-- Generated by org.testng.reporters.JUnitReportReporter -->
<testsuite hostname="PC-9" failures="0" tests="1" name="tests_AssignmentTask_BlocksOne.Scenario_Two" time="96.098" errors="0" timestamp="2024-07-22T23:38:06 IST" skipped="0">
  <testcase classname="tests_AssignmentTask_BlocksOne.Scenario_Two" name="add_AProduct_To_Cart" time="96.098"/>
  <system-out/>
</testsuite> <!-- tests_AssignmentTask_BlocksOne.Scenario_Two -->
