<?xml version="1.0" encoding="UTF-8"?>
<!-- Generated by org.testng.reporters.JUnitReportReporter -->
<testsuite hostname="blocksone-VivoBook-ASUSLaptop-X415EA-X415EA" failures="0" tests="1" name="tests_AssignmentTask_BlocksOne.MetaMask" time="9.377" errors="0" timestamp="2024-08-14T14:53:26 IST" skipped="0">
  <testcase classname="tests_AssignmentTask_BlocksOne.MetaMask" name="openChromeExtension" time="9.377"/>
  <system-out/>
</testsuite> <!-- tests_AssignmentTask_BlocksOne.MetaMask -->
