<?xml version="1.0" encoding="UTF-8"?>
<!-- Generated by org.testng.reporters.JUnitReportReporter -->
<testsuite hostname="PC-9" failures="0" tests="1" name="tests_AssignmentTask_BlocksOne.Scenario_One" time="27.785" errors="0" timestamp="2024-07-22T18:45:39 IST" skipped="0">
  <testcase classname="tests_AssignmentTask_BlocksOne.Scenario_One" name="search_for_the_Product" time="27.785"/>
  <system-out/>
</testsuite> <!-- tests_AssignmentTask_BlocksOne.Scenario_One -->
